<?xml version="1.0" encoding="UTF-8"?>
<testsuite name="org.springframework.web.context.ContextLoaderTests" tests="18" skipped="0" failures="0" errors="0" timestamp="2021-04-16T02:01:44" hostname="DESKTOP-3R4DVF7" time="4.306">
  <properties/>
  <testcase name="testContextLoaderListenerWithLocalContextInitializers" classname="org.springframework.web.context.ContextLoaderTests" time="1.819"/>
  <testcase name="testContextLoaderListenerWithCustomizedContextLoader" classname="org.springframework.web.context.ContextLoaderTests" time="0.276"/>
  <testcase name="testContextLoaderWithCustomContext" classname="org.springframework.web.context.ContextLoaderTests" time="0.12"/>
  <testcase name="testContextLoaderWithDefaultLocation" classname="org.springframework.web.context.ContextLoaderTests" time="0.055"/>
  <testcase name="testFrameworkServletWithDefaultLocation" classname="org.springframework.web.context.ContextLoaderTests" time="0.061"/>
  <testcase name="testContextLoaderListenerWithMixedContextInitializers" classname="org.springframework.web.context.ContextLoaderTests" time="0.021"/>
  <testcase name="testClassPathXmlApplicationContext" classname="org.springframework.web.context.ContextLoaderTests" time="0.114"/>
  <testcase name="testContextLoaderWithInvalidLocation" classname="org.springframework.web.context.ContextLoaderTests" time="0.003"/>
  <testcase name="testContextLoaderListenerWithGlobalContextInitializers" classname="org.springframework.web.context.ContextLoaderTests" time="0.018"/>
  <testcase name="testContextLoaderListenerWithDefaultContext" classname="org.springframework.web.context.ContextLoaderTests" time="0.052"/>
  <testcase name="testContextLoaderListenerWithProgrammaticInitializers" classname="org.springframework.web.context.ContextLoaderTests" time="0.02"/>
  <testcase name="testContextLoaderListenerWithProgrammaticAndGlobalInitializers" classname="org.springframework.web.context.ContextLoaderTests" time="0.014"/>
  <testcase name="testContextLoaderListenerWithProgrammaticAndLocalInitializers" classname="org.springframework.web.context.ContextLoaderTests" time="0.015"/>
  <testcase name="testContextLoaderWithInvalidContext" classname="org.springframework.web.context.ContextLoaderTests" time="0.006"/>
  <testcase name="testRegisteredContextInitializerCanAccessServletContextParamsViaEnvironment" classname="org.springframework.web.context.ContextLoaderTests" time="0.014"/>
  <testcase name="testContextLoaderListenerWithUnknownContextInitializer" classname="org.springframework.web.context.ContextLoaderTests" time="0.003"/>
  <testcase name="testSingletonDestructionOnStartupFailure" classname="org.springframework.web.context.ContextLoaderTests" time="0.031"/>
  <testcase name="testFrameworkServletWithCustomLocation" classname="org.springframework.web.context.ContextLoaderTests" time="1.664"/>
  <system-out><![CDATA[10:01:46.389 [Test worker] ERROR org.springframework.web.context.ContextLoader - Context initialization failed
org.springframework.beans.factory.BeanDefinitionStoreException: IOException parsing XML document from ServletContext resource [/WEB-INF/applicationContext.xml]; nested exception is java.io.FileNotFoundException: Could not open ServletContext resource [/WEB-INF/applicationContext.xml]
	at org.springframework.beans.factory.xml.XmlBeanDefinitionReader.loadBeanDefinitions(XmlBeanDefinitionReader.java:336) ~[spring-beans-5.0.21.BUILD-SNAPSHOT.jar:5.0.21.BUILD-SNAPSHOT]
	at org.springframework.beans.factory.xml.XmlBeanDefinitionReader.loadBeanDefinitions(XmlBeanDefinitionReader.java:294) ~[spring-beans-5.0.21.BUILD-SNAPSHOT.jar:5.0.21.BUILD-SNAPSHOT]
	at org.springframework.beans.factory.support.AbstractBeanDefinitionReader.loadBeanDefinitions(AbstractBeanDefinitionReader.java:187) ~[spring-beans-5.0.21.BUILD-SNAPSHOT.jar:5.0.21.BUILD-SNAPSHOT]
	at org.springframework.beans.factory.support.AbstractBeanDefinitionReader.loadBeanDefinitions(AbstractBeanDefinitionReader.java:223) ~[spring-beans-5.0.21.BUILD-SNAPSHOT.jar:5.0.21.BUILD-SNAPSHOT]
	at org.springframework.beans.factory.support.AbstractBeanDefinitionReader.loadBeanDefinitions(AbstractBeanDefinitionReader.java:194) ~[spring-beans-5.0.21.BUILD-SNAPSHOT.jar:5.0.21.BUILD-SNAPSHOT]
	at org.springframework.web.context.support.XmlWebApplicationContext.loadBeanDefinitions(XmlWebApplicationContext.java:127) ~[spring-web-5.0.21.BUILD-SNAPSHOT.jar:5.0.21.BUILD-SNAPSHOT]
	at org.springframework.web.context.support.XmlWebApplicationContext.loadBeanDefinitions(XmlWebApplicationContext.java:96) ~[spring-web-5.0.21.BUILD-SNAPSHOT.jar:5.0.21.BUILD-SNAPSHOT]
	at org.springframework.context.support.AbstractRefreshableApplicationContext.refreshBeanFactory(AbstractRefreshableApplicationContext.java:134) ~[spring-context-5.0.21.BUILD-SNAPSHOT.jar:5.0.21.BUILD-SNAPSHOT]
	at org.springframework.context.support.AbstractApplicationContext.obtainFreshBeanFactory(AbstractApplicationContext.java:631) ~[spring-context-5.0.21.BUILD-SNAPSHOT.jar:5.0.21.BUILD-SNAPSHOT]
	at org.springframework.context.support.AbstractApplicationContext.refresh(AbstractApplicationContext.java:503) ~[spring-context-5.0.21.BUILD-SNAPSHOT.jar:5.0.21.BUILD-SNAPSHOT]
	at org.springframework.web.context.ContextLoader.configureAndRefreshWebApplicationContext(ContextLoader.java:409) ~[spring-web-5.0.21.BUILD-SNAPSHOT.jar:?]
	at org.springframework.web.context.ContextLoader.initWebApplicationContext(ContextLoader.java:291) [spring-web-5.0.21.BUILD-SNAPSHOT.jar:?]
	at org.springframework.web.context.ContextLoaderListener.contextInitialized(ContextLoaderListener.java:103) [spring-web-5.0.21.BUILD-SNAPSHOT.jar:?]
	at org.springframework.web.context.ContextLoaderTests.testContextLoaderWithDefaultLocation(ContextLoaderTests.java:288) [test/:?]
	at sun.reflect.NativeMethodAccessorImpl.invoke0(Native Method) ~[?:1.8.0_271]
	at sun.reflect.NativeMethodAccessorImpl.invoke(NativeMethodAccessorImpl.java:62) ~[?:1.8.0_271]
	at sun.reflect.DelegatingMethodAccessorImpl.invoke(DelegatingMethodAccessorImpl.java:43) ~[?:1.8.0_271]
	at java.lang.reflect.Method.invoke(Method.java:498) ~[?:1.8.0_271]
	at org.junit.runners.model.FrameworkMethod$1.runReflectiveCall(FrameworkMethod.java:50) [junit-4.12.jar:4.12]
	at org.junit.internal.runners.model.ReflectiveCallable.run(ReflectiveCallable.java:12) [junit-4.12.jar:4.12]
	at org.junit.runners.model.FrameworkMethod.invokeExplosively(FrameworkMethod.java:47) [junit-4.12.jar:4.12]
	at org.junit.internal.runners.statements.InvokeMethod.evaluate(InvokeMethod.java:17) [junit-4.12.jar:4.12]
	at org.junit.runners.ParentRunner.runLeaf(ParentRunner.java:325) [junit-4.12.jar:4.12]
	at org.junit.runners.BlockJUnit4ClassRunner.runChild(BlockJUnit4ClassRunner.java:78) [junit-4.12.jar:4.12]
	at org.junit.runners.BlockJUnit4ClassRunner.runChild(BlockJUnit4ClassRunner.java:57) [junit-4.12.jar:4.12]
	at org.junit.runners.ParentRunner$3.run(ParentRunner.java:290) [junit-4.12.jar:4.12]
	at org.junit.runners.ParentRunner$1.schedule(ParentRunner.java:71) [junit-4.12.jar:4.12]
	at org.junit.runners.ParentRunner.runChildren(ParentRunner.java:288) [junit-4.12.jar:4.12]
	at org.junit.runners.ParentRunner.access$000(ParentRunner.java:58) [junit-4.12.jar:4.12]
	at org.junit.runners.ParentRunner$2.evaluate(ParentRunner.java:268) [junit-4.12.jar:4.12]
	at org.junit.runners.ParentRunner.run(ParentRunner.java:363) [junit-4.12.jar:4.12]
	at org.gradle.api.internal.tasks.testing.junit.JUnitTestClassExecuter.runTestClass(JUnitTestClassExecuter.java:114) [gradle-testing-jvm-4.4.1.jar:4.4.1]
	at org.gradle.api.internal.tasks.testing.junit.JUnitTestClassExecuter.execute(JUnitTestClassExecuter.java:57) [gradle-testing-jvm-4.4.1.jar:4.4.1]
	at org.gradle.api.internal.tasks.testing.junit.JUnitTestClassProcessor.processTestClass(JUnitTestClassProcessor.java:66) [gradle-testing-jvm-4.4.1.jar:4.4.1]
	at org.gradle.api.internal.tasks.testing.SuiteTestClassProcessor.processTestClass(SuiteTestClassProcessor.java:51) [gradle-testing-base-4.4.1.jar:4.4.1]
	at sun.reflect.NativeMethodAccessorImpl.invoke0(Native Method) ~[?:1.8.0_271]
	at sun.reflect.NativeMethodAccessorImpl.invoke(NativeMethodAccessorImpl.java:62) ~[?:1.8.0_271]
	at sun.reflect.DelegatingMethodAccessorImpl.invoke(DelegatingMethodAccessorImpl.java:43) ~[?:1.8.0_271]
	at java.lang.reflect.Method.invoke(Method.java:498) ~[?:1.8.0_271]
	at org.gradle.internal.dispatch.ReflectionDispatch.dispatch(ReflectionDispatch.java:35) [gradle-messaging-4.4.1.jar:4.4.1]
	at org.gradle.internal.dispatch.ReflectionDispatch.dispatch(ReflectionDispatch.java:24) [gradle-messaging-4.4.1.jar:4.4.1]
	at org.gradle.internal.dispatch.ContextClassLoaderDispatch.dispatch(ContextClassLoaderDispatch.java:32) [gradle-messaging-4.4.1.jar:4.4.1]
	at org.gradle.internal.dispatch.ProxyDispatchAdapter$DispatchingInvocationHandler.invoke(ProxyDispatchAdapter.java:93) [gradle-messaging-4.4.1.jar:4.4.1]
	at com.sun.proxy.$Proxy1.processTestClass(Unknown Source) [?:?]
	at org.gradle.api.internal.tasks.testing.worker.TestWorker.processTestClass(TestWorker.java:108) [gradle-testing-base-4.4.1.jar:4.4.1]
	at sun.reflect.NativeMethodAccessorImpl.invoke0(Native Method) ~[?:1.8.0_271]
	at sun.reflect.NativeMethodAccessorImpl.invoke(NativeMethodAccessorImpl.java:62) ~[?:1.8.0_271]
	at sun.reflect.DelegatingMethodAccessorImpl.invoke(DelegatingMethodAccessorImpl.java:43) ~[?:1.8.0_271]
	at java.lang.reflect.Method.invoke(Method.java:498) ~[?:1.8.0_271]
	at org.gradle.internal.dispatch.ReflectionDispatch.dispatch(ReflectionDispatch.java:35) [gradle-messaging-4.4.1.jar:4.4.1]
	at org.gradle.internal.dispatch.ReflectionDispatch.dispatch(ReflectionDispatch.java:24) [gradle-messaging-4.4.1.jar:4.4.1]
	at org.gradle.internal.remote.internal.hub.MessageHubBackedObjectConnection$DispatchWrapper.dispatch(MessageHubBackedObjectConnection.java:146) [gradle-messaging-4.4.1.jar:4.4.1]
	at org.gradle.internal.remote.internal.hub.MessageHubBackedObjectConnection$DispatchWrapper.dispatch(MessageHubBackedObjectConnection.java:128) [gradle-messaging-4.4.1.jar:4.4.1]
	at org.gradle.internal.remote.internal.hub.MessageHub$Handler.run(MessageHub.java:404) [gradle-messaging-4.4.1.jar:4.4.1]
	at org.gradle.internal.concurrent.ExecutorPolicy$CatchAndRecordFailures.onExecute(ExecutorPolicy.java:63) [gradle-base-services-4.4.1.jar:4.4.1]
	at org.gradle.internal.concurrent.ManagedExecutorImpl$1.run(ManagedExecutorImpl.java:46) [gradle-base-services-4.4.1.jar:4.4.1]
	at java.util.concurrent.ThreadPoolExecutor.runWorker(ThreadPoolExecutor.java:1149) [?:1.8.0_271]
	at java.util.concurrent.ThreadPoolExecutor$Worker.run(ThreadPoolExecutor.java:624) [?:1.8.0_271]
	at org.gradle.internal.concurrent.ThreadFactoryImpl$ManagedThreadRunnable.run(ThreadFactoryImpl.java:55) [gradle-base-services-4.4.1.jar:4.4.1]
	at java.lang.Thread.run(Thread.java:748) [?:1.8.0_271]
Caused by: java.io.FileNotFoundException: Could not open ServletContext resource [/WEB-INF/applicationContext.xml]
	at org.springframework.web.context.support.ServletContextResource.getInputStream(ServletContextResource.java:159) ~[spring-web-5.0.21.BUILD-SNAPSHOT.jar:5.0.21.BUILD-SNAPSHOT]
	at org.springframework.beans.factory.xml.XmlBeanDefinitionReader.loadBeanDefinitions(XmlBeanDefinitionReader.java:321) ~[spring-beans-5.0.21.BUILD-SNAPSHOT.jar:5.0.21.BUILD-SNAPSHOT]
	... 59 more
10:01:46.496 [Test worker] ERROR org.springframework.web.servlet.DispatcherServlet - Context initialization failed
org.springframework.beans.factory.BeanDefinitionStoreException: IOException parsing XML document from ServletContext resource [/WEB-INF/test-servlet.xml]; nested exception is java.io.FileNotFoundException: Could not open ServletContext resource [/WEB-INF/test-servlet.xml]
	at org.springframework.beans.factory.xml.XmlBeanDefinitionReader.loadBeanDefinitions(XmlBeanDefinitionReader.java:336) ~[spring-beans-5.0.21.BUILD-SNAPSHOT.jar:5.0.21.BUILD-SNAPSHOT]
	at org.springframework.beans.factory.xml.XmlBeanDefinitionReader.loadBeanDefinitions(XmlBeanDefinitionReader.java:294) ~[spring-beans-5.0.21.BUILD-SNAPSHOT.jar:5.0.21.BUILD-SNAPSHOT]
	at org.springframework.beans.factory.support.AbstractBeanDefinitionReader.loadBeanDefinitions(AbstractBeanDefinitionReader.java:187) ~[spring-beans-5.0.21.BUILD-SNAPSHOT.jar:5.0.21.BUILD-SNAPSHOT]
	at org.springframework.beans.factory.support.AbstractBeanDefinitionReader.loadBeanDefinitions(AbstractBeanDefinitionReader.java:223) ~[spring-beans-5.0.21.BUILD-SNAPSHOT.jar:5.0.21.BUILD-SNAPSHOT]
	at org.springframework.beans.factory.support.AbstractBeanDefinitionReader.loadBeanDefinitions(AbstractBeanDefinitionReader.java:194) ~[spring-beans-5.0.21.BUILD-SNAPSHOT.jar:5.0.21.BUILD-SNAPSHOT]
	at org.springframework.web.context.support.XmlWebApplicationContext.loadBeanDefinitions(XmlWebApplicationContext.java:127) ~[spring-web-5.0.21.BUILD-SNAPSHOT.jar:5.0.21.BUILD-SNAPSHOT]
	at org.springframework.web.context.support.XmlWebApplicationContext.loadBeanDefinitions(XmlWebApplicationContext.java:96) ~[spring-web-5.0.21.BUILD-SNAPSHOT.jar:5.0.21.BUILD-SNAPSHOT]
	at org.springframework.context.support.AbstractRefreshableApplicationContext.refreshBeanFactory(AbstractRefreshableApplicationContext.java:134) ~[spring-context-5.0.21.BUILD-SNAPSHOT.jar:5.0.21.BUILD-SNAPSHOT]
	at org.springframework.context.support.AbstractApplicationContext.obtainFreshBeanFactory(AbstractApplicationContext.java:631) ~[spring-context-5.0.21.BUILD-SNAPSHOT.jar:5.0.21.BUILD-SNAPSHOT]
	at org.springframework.context.support.AbstractApplicationContext.refresh(AbstractApplicationContext.java:503) ~[spring-context-5.0.21.BUILD-SNAPSHOT.jar:5.0.21.BUILD-SNAPSHOT]
	at org.springframework.web.servlet.FrameworkServlet.configureAndRefreshWebApplicationContext(FrameworkServlet.java:677) ~[main/:?]
	at org.springframework.web.servlet.FrameworkServlet.createWebApplicationContext(FrameworkServlet.java:643) ~[main/:?]
	at org.springframework.web.servlet.FrameworkServlet.createWebApplicationContext(FrameworkServlet.java:691) ~[main/:?]
	at org.springframework.web.servlet.FrameworkServlet.initWebApplicationContext(FrameworkServlet.java:557) ~[main/:?]
	at org.springframework.web.servlet.FrameworkServlet.initServletBean(FrameworkServlet.java:502) [main/:?]
	at org.springframework.web.servlet.HttpServletBean.init(HttpServletBean.java:172) [main/:?]
	at javax.servlet.GenericServlet.init(GenericServlet.java:203) [javax.servlet-api-4.0.1.jar:4.0.1]
	at org.springframework.web.context.ContextLoaderTests.testFrameworkServletWithDefaultLocation(ContextLoaderTests.java:303) [test/:?]
	at sun.reflect.NativeMethodAccessorImpl.invoke0(Native Method) ~[?:1.8.0_271]
	at sun.reflect.NativeMethodAccessorImpl.invoke(NativeMethodAccessorImpl.java:62) ~[?:1.8.0_271]
	at sun.reflect.DelegatingMethodAccessorImpl.invoke(DelegatingMethodAccessorImpl.java:43) ~[?:1.8.0_271]
	at java.lang.reflect.Method.invoke(Method.java:498) ~[?:1.8.0_271]
	at org.junit.runners.model.FrameworkMethod$1.runReflectiveCall(FrameworkMethod.java:50) [junit-4.12.jar:4.12]
	at org.junit.internal.runners.model.ReflectiveCallable.run(ReflectiveCallable.java:12) [junit-4.12.jar:4.12]
	at org.junit.runners.model.FrameworkMethod.invokeExplosively(FrameworkMethod.java:47) [junit-4.12.jar:4.12]
	at org.junit.internal.runners.statements.InvokeMethod.evaluate(InvokeMethod.java:17) [junit-4.12.jar:4.12]
	at org.junit.runners.ParentRunner.runLeaf(ParentRunner.java:325) [junit-4.12.jar:4.12]
	at org.junit.runners.BlockJUnit4ClassRunner.runChild(BlockJUnit4ClassRunner.java:78) [junit-4.12.jar:4.12]
	at org.junit.runners.BlockJUnit4ClassRunner.runChild(BlockJUnit4ClassRunner.java:57) [junit-4.12.jar:4.12]
	at org.junit.runners.ParentRunner$3.run(ParentRunner.java:290) [junit-4.12.jar:4.12]
	at org.junit.runners.ParentRunner$1.schedule(ParentRunner.java:71) [junit-4.12.jar:4.12]
	at org.junit.runners.ParentRunner.runChildren(ParentRunner.java:288) [junit-4.12.jar:4.12]
	at org.junit.runners.ParentRunner.access$000(ParentRunner.java:58) [junit-4.12.jar:4.12]
	at org.junit.runners.ParentRunner$2.evaluate(ParentRunner.java:268) [junit-4.12.jar:4.12]
	at org.junit.runners.ParentRunner.run(ParentRunner.java:363) [junit-4.12.jar:4.12]
	at org.gradle.api.internal.tasks.testing.junit.JUnitTestClassExecuter.runTestClass(JUnitTestClassExecuter.java:114) [gradle-testing-jvm-4.4.1.jar:4.4.1]
	at org.gradle.api.internal.tasks.testing.junit.JUnitTestClassExecuter.execute(JUnitTestClassExecuter.java:57) [gradle-testing-jvm-4.4.1.jar:4.4.1]
	at org.gradle.api.internal.tasks.testing.junit.JUnitTestClassProcessor.processTestClass(JUnitTestClassProcessor.java:66) [gradle-testing-jvm-4.4.1.jar:4.4.1]
	at org.gradle.api.internal.tasks.testing.SuiteTestClassProcessor.processTestClass(SuiteTestClassProcessor.java:51) [gradle-testing-base-4.4.1.jar:4.4.1]
	at sun.reflect.NativeMethodAccessorImpl.invoke0(Native Method) ~[?:1.8.0_271]
	at sun.reflect.NativeMethodAccessorImpl.invoke(NativeMethodAccessorImpl.java:62) ~[?:1.8.0_271]
	at sun.reflect.DelegatingMethodAccessorImpl.invoke(DelegatingMethodAccessorImpl.java:43) ~[?:1.8.0_271]
	at java.lang.reflect.Method.invoke(Method.java:498) ~[?:1.8.0_271]
	at org.gradle.internal.dispatch.ReflectionDispatch.dispatch(ReflectionDispatch.java:35) [gradle-messaging-4.4.1.jar:4.4.1]
	at org.gradle.internal.dispatch.ReflectionDispatch.dispatch(ReflectionDispatch.java:24) [gradle-messaging-4.4.1.jar:4.4.1]
	at org.gradle.internal.dispatch.ContextClassLoaderDispatch.dispatch(ContextClassLoaderDispatch.java:32) [gradle-messaging-4.4.1.jar:4.4.1]
	at org.gradle.internal.dispatch.ProxyDispatchAdapter$DispatchingInvocationHandler.invoke(ProxyDispatchAdapter.java:93) [gradle-messaging-4.4.1.jar:4.4.1]
	at com.sun.proxy.$Proxy1.processTestClass(Unknown Source) [?:?]
	at org.gradle.api.internal.tasks.testing.worker.TestWorker.processTestClass(TestWorker.java:108) [gradle-testing-base-4.4.1.jar:4.4.1]
	at sun.reflect.NativeMethodAccessorImpl.invoke0(Native Method) ~[?:1.8.0_271]
	at sun.reflect.NativeMethodAccessorImpl.invoke(NativeMethodAccessorImpl.java:62) ~[?:1.8.0_271]
	at sun.reflect.DelegatingMethodAccessorImpl.invoke(DelegatingMethodAccessorImpl.java:43) ~[?:1.8.0_271]
	at java.lang.reflect.Method.invoke(Method.java:498) ~[?:1.8.0_271]
	at org.gradle.internal.dispatch.ReflectionDispatch.dispatch(ReflectionDispatch.java:35) [gradle-messaging-4.4.1.jar:4.4.1]
	at org.gradle.internal.dispatch.ReflectionDispatch.dispatch(ReflectionDispatch.java:24) [gradle-messaging-4.4.1.jar:4.4.1]
	at org.gradle.internal.remote.internal.hub.MessageHubBackedObjectConnection$DispatchWrapper.dispatch(MessageHubBackedObjectConnection.java:146) [gradle-messaging-4.4.1.jar:4.4.1]
	at org.gradle.internal.remote.internal.hub.MessageHubBackedObjectConnection$DispatchWrapper.dispatch(MessageHubBackedObjectConnection.java:128) [gradle-messaging-4.4.1.jar:4.4.1]
	at org.gradle.internal.remote.internal.hub.MessageHub$Handler.run(MessageHub.java:404) [gradle-messaging-4.4.1.jar:4.4.1]
	at org.gradle.internal.concurrent.ExecutorPolicy$CatchAndRecordFailures.onExecute(ExecutorPolicy.java:63) [gradle-base-services-4.4.1.jar:4.4.1]
	at org.gradle.internal.concurrent.ManagedExecutorImpl$1.run(ManagedExecutorImpl.java:46) [gradle-base-services-4.4.1.jar:4.4.1]
	at java.util.concurrent.ThreadPoolExecutor.runWorker(ThreadPoolExecutor.java:1149) [?:1.8.0_271]
	at java.util.concurrent.ThreadPoolExecutor$Worker.run(ThreadPoolExecutor.java:624) [?:1.8.0_271]
	at org.gradle.internal.concurrent.ThreadFactoryImpl$ManagedThreadRunnable.run(ThreadFactoryImpl.java:55) [gradle-base-services-4.4.1.jar:4.4.1]
	at java.lang.Thread.run(Thread.java:748) [?:1.8.0_271]
Caused by: java.io.FileNotFoundException: Could not open ServletContext resource [/WEB-INF/test-servlet.xml]
	at org.springframework.web.context.support.ServletContextResource.getInputStream(ServletContextResource.java:159) ~[spring-web-5.0.21.BUILD-SNAPSHOT.jar:5.0.21.BUILD-SNAPSHOT]
	at org.springframework.beans.factory.xml.XmlBeanDefinitionReader.loadBeanDefinitions(XmlBeanDefinitionReader.java:321) ~[spring-beans-5.0.21.BUILD-SNAPSHOT.jar:5.0.21.BUILD-SNAPSHOT]
	... 63 more
10:01:46.636 [Test worker] ERROR org.springframework.web.context.ContextLoader - Context initialization failed
org.springframework.beans.factory.BeanDefinitionStoreException: IOException parsing XML document from ServletContext resource [/WEB-INF/myContext.xml]; nested exception is java.io.FileNotFoundException: Could not open ServletContext resource [/WEB-INF/myContext.xml]
	at org.springframework.beans.factory.xml.XmlBeanDefinitionReader.loadBeanDefinitions(XmlBeanDefinitionReader.java:336) ~[spring-beans-5.0.21.BUILD-SNAPSHOT.jar:5.0.21.BUILD-SNAPSHOT]
	at org.springframework.beans.factory.xml.XmlBeanDefinitionReader.loadBeanDefinitions(XmlBeanDefinitionReader.java:294) ~[spring-beans-5.0.21.BUILD-SNAPSHOT.jar:5.0.21.BUILD-SNAPSHOT]
	at org.springframework.beans.factory.support.AbstractBeanDefinitionReader.loadBeanDefinitions(AbstractBeanDefinitionReader.java:187) ~[spring-beans-5.0.21.BUILD-SNAPSHOT.jar:5.0.21.BUILD-SNAPSHOT]
	at org.springframework.beans.factory.support.AbstractBeanDefinitionReader.loadBeanDefinitions(AbstractBeanDefinitionReader.java:223) ~[spring-beans-5.0.21.BUILD-SNAPSHOT.jar:5.0.21.BUILD-SNAPSHOT]
	at org.springframework.beans.factory.support.AbstractBeanDefinitionReader.loadBeanDefinitions(AbstractBeanDefinitionReader.java:194) ~[spring-beans-5.0.21.BUILD-SNAPSHOT.jar:5.0.21.BUILD-SNAPSHOT]
	at org.springframework.web.context.support.XmlWebApplicationContext.loadBeanDefinitions(XmlWebApplicationContext.java:127) ~[spring-web-5.0.21.BUILD-SNAPSHOT.jar:5.0.21.BUILD-SNAPSHOT]
	at org.springframework.web.context.support.XmlWebApplicationContext.loadBeanDefinitions(XmlWebApplicationContext.java:96) ~[spring-web-5.0.21.BUILD-SNAPSHOT.jar:5.0.21.BUILD-SNAPSHOT]
	at org.springframework.context.support.AbstractRefreshableApplicationContext.refreshBeanFactory(AbstractRefreshableApplicationContext.java:134) ~[spring-context-5.0.21.BUILD-SNAPSHOT.jar:5.0.21.BUILD-SNAPSHOT]
	at org.springframework.context.support.AbstractApplicationContext.obtainFreshBeanFactory(AbstractApplicationContext.java:631) ~[spring-context-5.0.21.BUILD-SNAPSHOT.jar:5.0.21.BUILD-SNAPSHOT]
	at org.springframework.context.support.AbstractApplicationContext.refresh(AbstractApplicationContext.java:503) ~[spring-context-5.0.21.BUILD-SNAPSHOT.jar:5.0.21.BUILD-SNAPSHOT]
	at org.springframework.web.context.ContextLoader.configureAndRefreshWebApplicationContext(ContextLoader.java:409) ~[spring-web-5.0.21.BUILD-SNAPSHOT.jar:?]
	at org.springframework.web.context.ContextLoader.initWebApplicationContext(ContextLoader.java:291) [spring-web-5.0.21.BUILD-SNAPSHOT.jar:?]
	at org.springframework.web.context.ContextLoaderListener.contextInitialized(ContextLoaderListener.java:103) [spring-web-5.0.21.BUILD-SNAPSHOT.jar:?]
	at org.springframework.web.context.ContextLoaderTests.testContextLoaderWithInvalidLocation(ContextLoaderTests.java:256) [test/:?]
	at sun.reflect.NativeMethodAccessorImpl.invoke0(Native Method) ~[?:1.8.0_271]
	at sun.reflect.NativeMethodAccessorImpl.invoke(NativeMethodAccessorImpl.java:62) ~[?:1.8.0_271]
	at sun.reflect.DelegatingMethodAccessorImpl.invoke(DelegatingMethodAccessorImpl.java:43) ~[?:1.8.0_271]
	at java.lang.reflect.Method.invoke(Method.java:498) ~[?:1.8.0_271]
	at org.junit.runners.model.FrameworkMethod$1.runReflectiveCall(FrameworkMethod.java:50) [junit-4.12.jar:4.12]
	at org.junit.internal.runners.model.ReflectiveCallable.run(ReflectiveCallable.java:12) [junit-4.12.jar:4.12]
	at org.junit.runners.model.FrameworkMethod.invokeExplosively(FrameworkMethod.java:47) [junit-4.12.jar:4.12]
	at org.junit.internal.runners.statements.InvokeMethod.evaluate(InvokeMethod.java:17) [junit-4.12.jar:4.12]
	at org.junit.runners.ParentRunner.runLeaf(ParentRunner.java:325) [junit-4.12.jar:4.12]
	at org.junit.runners.BlockJUnit4ClassRunner.runChild(BlockJUnit4ClassRunner.java:78) [junit-4.12.jar:4.12]
	at org.junit.runners.BlockJUnit4ClassRunner.runChild(BlockJUnit4ClassRunner.java:57) [junit-4.12.jar:4.12]
	at org.junit.runners.ParentRunner$3.run(ParentRunner.java:290) [junit-4.12.jar:4.12]
	at org.junit.runners.ParentRunner$1.schedule(ParentRunner.java:71) [junit-4.12.jar:4.12]
	at org.junit.runners.ParentRunner.runChildren(ParentRunner.java:288) [junit-4.12.jar:4.12]
	at org.junit.runners.ParentRunner.access$000(ParentRunner.java:58) [junit-4.12.jar:4.12]
	at org.junit.runners.ParentRunner$2.evaluate(ParentRunner.java:268) [junit-4.12.jar:4.12]
	at org.junit.runners.ParentRunner.run(ParentRunner.java:363) [junit-4.12.jar:4.12]
	at org.gradle.api.internal.tasks.testing.junit.JUnitTestClassExecuter.runTestClass(JUnitTestClassExecuter.java:114) [gradle-testing-jvm-4.4.1.jar:4.4.1]
	at org.gradle.api.internal.tasks.testing.junit.JUnitTestClassExecuter.execute(JUnitTestClassExecuter.java:57) [gradle-testing-jvm-4.4.1.jar:4.4.1]
	at org.gradle.api.internal.tasks.testing.junit.JUnitTestClassProcessor.processTestClass(JUnitTestClassProcessor.java:66) [gradle-testing-jvm-4.4.1.jar:4.4.1]
	at org.gradle.api.internal.tasks.testing.SuiteTestClassProcessor.processTestClass(SuiteTestClassProcessor.java:51) [gradle-testing-base-4.4.1.jar:4.4.1]
	at sun.reflect.NativeMethodAccessorImpl.invoke0(Native Method) ~[?:1.8.0_271]
	at sun.reflect.NativeMethodAccessorImpl.invoke(NativeMethodAccessorImpl.java:62) ~[?:1.8.0_271]
	at sun.reflect.DelegatingMethodAccessorImpl.invoke(DelegatingMethodAccessorImpl.java:43) ~[?:1.8.0_271]
	at java.lang.reflect.Method.invoke(Method.java:498) ~[?:1.8.0_271]
	at org.gradle.internal.dispatch.ReflectionDispatch.dispatch(ReflectionDispatch.java:35) [gradle-messaging-4.4.1.jar:4.4.1]
	at org.gradle.internal.dispatch.ReflectionDispatch.dispatch(ReflectionDispatch.java:24) [gradle-messaging-4.4.1.jar:4.4.1]
	at org.gradle.internal.dispatch.ContextClassLoaderDispatch.dispatch(ContextClassLoaderDispatch.java:32) [gradle-messaging-4.4.1.jar:4.4.1]
	at org.gradle.internal.dispatch.ProxyDispatchAdapter$DispatchingInvocationHandler.invoke(ProxyDispatchAdapter.java:93) [gradle-messaging-4.4.1.jar:4.4.1]
	at com.sun.proxy.$Proxy1.processTestClass(Unknown Source) [?:?]
	at org.gradle.api.internal.tasks.testing.worker.TestWorker.processTestClass(TestWorker.java:108) [gradle-testing-base-4.4.1.jar:4.4.1]
	at sun.reflect.NativeMethodAccessorImpl.invoke0(Native Method) ~[?:1.8.0_271]
	at sun.reflect.NativeMethodAccessorImpl.invoke(NativeMethodAccessorImpl.java:62) ~[?:1.8.0_271]
	at sun.reflect.DelegatingMethodAccessorImpl.invoke(DelegatingMethodAccessorImpl.java:43) ~[?:1.8.0_271]
	at java.lang.reflect.Method.invoke(Method.java:498) ~[?:1.8.0_271]
	at org.gradle.internal.dispatch.ReflectionDispatch.dispatch(ReflectionDispatch.java:35) [gradle-messaging-4.4.1.jar:4.4.1]
	at org.gradle.internal.dispatch.ReflectionDispatch.dispatch(ReflectionDispatch.java:24) [gradle-messaging-4.4.1.jar:4.4.1]
	at org.gradle.internal.remote.internal.hub.MessageHubBackedObjectConnection$DispatchWrapper.dispatch(MessageHubBackedObjectConnection.java:146) [gradle-messaging-4.4.1.jar:4.4.1]
	at org.gradle.internal.remote.internal.hub.MessageHubBackedObjectConnection$DispatchWrapper.dispatch(MessageHubBackedObjectConnection.java:128) [gradle-messaging-4.4.1.jar:4.4.1]
	at org.gradle.internal.remote.internal.hub.MessageHub$Handler.run(MessageHub.java:404) [gradle-messaging-4.4.1.jar:4.4.1]
	at org.gradle.internal.concurrent.ExecutorPolicy$CatchAndRecordFailures.onExecute(ExecutorPolicy.java:63) [gradle-base-services-4.4.1.jar:4.4.1]
	at org.gradle.internal.concurrent.ManagedExecutorImpl$1.run(ManagedExecutorImpl.java:46) [gradle-base-services-4.4.1.jar:4.4.1]
	at java.util.concurrent.ThreadPoolExecutor.runWorker(ThreadPoolExecutor.java:1149) [?:1.8.0_271]
	at java.util.concurrent.ThreadPoolExecutor$Worker.run(ThreadPoolExecutor.java:624) [?:1.8.0_271]
	at org.gradle.internal.concurrent.ThreadFactoryImpl$ManagedThreadRunnable.run(ThreadFactoryImpl.java:55) [gradle-base-services-4.4.1.jar:4.4.1]
	at java.lang.Thread.run(Thread.java:748) [?:1.8.0_271]
Caused by: java.io.FileNotFoundException: Could not open ServletContext resource [/WEB-INF/myContext.xml]
	at org.springframework.web.context.support.ServletContextResource.getInputStream(ServletContextResource.java:159) ~[spring-web-5.0.21.BUILD-SNAPSHOT.jar:5.0.21.BUILD-SNAPSHOT]
	at org.springframework.beans.factory.xml.XmlBeanDefinitionReader.loadBeanDefinitions(XmlBeanDefinitionReader.java:321) ~[spring-beans-5.0.21.BUILD-SNAPSHOT.jar:5.0.21.BUILD-SNAPSHOT]
	... 59 more
10:01:46.759 [Test worker] ERROR org.springframework.web.context.ContextLoader - Context initialization failed
org.springframework.context.ApplicationContextException: Failed to load custom context class [org.springframework.web.context.support.InvalidWebApplicationContext]; nested exception is java.lang.ClassNotFoundException: org.springframework.web.context.support.InvalidWebApplicationContext
	at org.springframework.web.context.ContextLoader.determineContextClass(ContextLoader.java:363) ~[spring-web-5.0.21.BUILD-SNAPSHOT.jar:?]
	at org.springframework.web.context.ContextLoader.createWebApplicationContext(ContextLoader.java:340) ~[spring-web-5.0.21.BUILD-SNAPSHOT.jar:?]
	at org.springframework.web.context.ContextLoader.initWebApplicationContext(ContextLoader.java:278) [spring-web-5.0.21.BUILD-SNAPSHOT.jar:?]
	at org.springframework.web.context.ContextLoaderListener.contextInitialized(ContextLoaderListener.java:103) [spring-web-5.0.21.BUILD-SNAPSHOT.jar:?]
	at org.springframework.web.context.ContextLoaderTests.testContextLoaderWithInvalidContext(ContextLoaderTests.java:273) [test/:?]
	at sun.reflect.NativeMethodAccessorImpl.invoke0(Native Method) ~[?:1.8.0_271]
	at sun.reflect.NativeMethodAccessorImpl.invoke(NativeMethodAccessorImpl.java:62) ~[?:1.8.0_271]
	at sun.reflect.DelegatingMethodAccessorImpl.invoke(DelegatingMethodAccessorImpl.java:43) ~[?:1.8.0_271]
	at java.lang.reflect.Method.invoke(Method.java:498) ~[?:1.8.0_271]
	at org.junit.runners.model.FrameworkMethod$1.runReflectiveCall(FrameworkMethod.java:50) [junit-4.12.jar:4.12]
	at org.junit.internal.runners.model.ReflectiveCallable.run(ReflectiveCallable.java:12) [junit-4.12.jar:4.12]
	at org.junit.runners.model.FrameworkMethod.invokeExplosively(FrameworkMethod.java:47) [junit-4.12.jar:4.12]
	at org.junit.internal.runners.statements.InvokeMethod.evaluate(InvokeMethod.java:17) [junit-4.12.jar:4.12]
	at org.junit.runners.ParentRunner.runLeaf(ParentRunner.java:325) [junit-4.12.jar:4.12]
	at org.junit.runners.BlockJUnit4ClassRunner.runChild(BlockJUnit4ClassRunner.java:78) [junit-4.12.jar:4.12]
	at org.junit.runners.BlockJUnit4ClassRunner.runChild(BlockJUnit4ClassRunner.java:57) [junit-4.12.jar:4.12]
	at org.junit.runners.ParentRunner$3.run(ParentRunner.java:290) [junit-4.12.jar:4.12]
	at org.junit.runners.ParentRunner$1.schedule(ParentRunner.java:71) [junit-4.12.jar:4.12]
	at org.junit.runners.ParentRunner.runChildren(ParentRunner.java:288) [junit-4.12.jar:4.12]
	at org.junit.runners.ParentRunner.access$000(ParentRunner.java:58) [junit-4.12.jar:4.12]
	at org.junit.runners.ParentRunner$2.evaluate(ParentRunner.java:268) [junit-4.12.jar:4.12]
	at org.junit.runners.ParentRunner.run(ParentRunner.java:363) [junit-4.12.jar:4.12]
	at org.gradle.api.internal.tasks.testing.junit.JUnitTestClassExecuter.runTestClass(JUnitTestClassExecuter.java:114) [gradle-testing-jvm-4.4.1.jar:4.4.1]
	at org.gradle.api.internal.tasks.testing.junit.JUnitTestClassExecuter.execute(JUnitTestClassExecuter.java:57) [gradle-testing-jvm-4.4.1.jar:4.4.1]
	at org.gradle.api.internal.tasks.testing.junit.JUnitTestClassProcessor.processTestClass(JUnitTestClassProcessor.java:66) [gradle-testing-jvm-4.4.1.jar:4.4.1]
	at org.gradle.api.internal.tasks.testing.SuiteTestClassProcessor.processTestClass(SuiteTestClassProcessor.java:51) [gradle-testing-base-4.4.1.jar:4.4.1]
	at sun.reflect.NativeMethodAccessorImpl.invoke0(Native Method) ~[?:1.8.0_271]
	at sun.reflect.NativeMethodAccessorImpl.invoke(NativeMethodAccessorImpl.java:62) ~[?:1.8.0_271]
	at sun.reflect.DelegatingMethodAccessorImpl.invoke(DelegatingMethodAccessorImpl.java:43) ~[?:1.8.0_271]
	at java.lang.reflect.Method.invoke(Method.java:498) ~[?:1.8.0_271]
	at org.gradle.internal.dispatch.ReflectionDispatch.dispatch(ReflectionDispatch.java:35) [gradle-messaging-4.4.1.jar:4.4.1]
	at org.gradle.internal.dispatch.ReflectionDispatch.dispatch(ReflectionDispatch.java:24) [gradle-messaging-4.4.1.jar:4.4.1]
	at org.gradle.internal.dispatch.ContextClassLoaderDispatch.dispatch(ContextClassLoaderDispatch.java:32) [gradle-messaging-4.4.1.jar:4.4.1]
	at org.gradle.internal.dispatch.ProxyDispatchAdapter$DispatchingInvocationHandler.invoke(ProxyDispatchAdapter.java:93) [gradle-messaging-4.4.1.jar:4.4.1]
	at com.sun.proxy.$Proxy1.processTestClass(Unknown Source) [?:?]
	at org.gradle.api.internal.tasks.testing.worker.TestWorker.processTestClass(TestWorker.java:108) [gradle-testing-base-4.4.1.jar:4.4.1]
	at sun.reflect.NativeMethodAccessorImpl.invoke0(Native Method) ~[?:1.8.0_271]
	at sun.reflect.NativeMethodAccessorImpl.invoke(NativeMethodAccessorImpl.java:62) ~[?:1.8.0_271]
	at sun.reflect.DelegatingMethodAccessorImpl.invoke(DelegatingMethodAccessorImpl.java:43) ~[?:1.8.0_271]
	at java.lang.reflect.Method.invoke(Method.java:498) ~[?:1.8.0_271]
	at org.gradle.internal.dispatch.ReflectionDispatch.dispatch(ReflectionDispatch.java:35) [gradle-messaging-4.4.1.jar:4.4.1]
	at org.gradle.internal.dispatch.ReflectionDispatch.dispatch(ReflectionDispatch.java:24) [gradle-messaging-4.4.1.jar:4.4.1]
	at org.gradle.internal.remote.internal.hub.MessageHubBackedObjectConnection$DispatchWrapper.dispatch(MessageHubBackedObjectConnection.java:146) [gradle-messaging-4.4.1.jar:4.4.1]
	at org.gradle.internal.remote.internal.hub.MessageHubBackedObjectConnection$DispatchWrapper.dispatch(MessageHubBackedObjectConnection.java:128) [gradle-messaging-4.4.1.jar:4.4.1]
	at org.gradle.internal.remote.internal.hub.MessageHub$Handler.run(MessageHub.java:404) [gradle-messaging-4.4.1.jar:4.4.1]
	at org.gradle.internal.concurrent.ExecutorPolicy$CatchAndRecordFailures.onExecute(ExecutorPolicy.java:63) [gradle-base-services-4.4.1.jar:4.4.1]
	at org.gradle.internal.concurrent.ManagedExecutorImpl$1.run(ManagedExecutorImpl.java:46) [gradle-base-services-4.4.1.jar:4.4.1]
	at java.util.concurrent.ThreadPoolExecutor.runWorker(ThreadPoolExecutor.java:1149) [?:1.8.0_271]
	at java.util.concurrent.ThreadPoolExecutor$Worker.run(ThreadPoolExecutor.java:624) [?:1.8.0_271]
	at org.gradle.internal.concurrent.ThreadFactoryImpl$ManagedThreadRunnable.run(ThreadFactoryImpl.java:55) [gradle-base-services-4.4.1.jar:4.4.1]
	at java.lang.Thread.run(Thread.java:748) [?:1.8.0_271]
Caused by: java.lang.ClassNotFoundException: org.springframework.web.context.support.InvalidWebApplicationContext
	at java.net.URLClassLoader.findClass(URLClassLoader.java:382) ~[?:1.8.0_271]
	at java.lang.ClassLoader.loadClass(ClassLoader.java:418) ~[?:1.8.0_271]
	at sun.misc.Launcher$AppClassLoader.loadClass(Launcher.java:355) ~[?:1.8.0_271]
	at java.lang.ClassLoader.loadClass(ClassLoader.java:351) ~[?:1.8.0_271]
	at org.springframework.util.ClassUtils.forName(ClassUtils.java:275) ~[spring-core-5.0.21.BUILD-SNAPSHOT.jar:5.0.21.BUILD-SNAPSHOT]
	at org.springframework.web.context.ContextLoader.determineContextClass(ContextLoader.java:360) ~[spring-web-5.0.21.BUILD-SNAPSHOT.jar:?]
	... 50 more
10:01:46.778 [Test worker] ERROR org.springframework.web.context.ContextLoader - Context initialization failed
org.springframework.context.ApplicationContextException: Could not apply context initializer [org.springframework.web.context.ContextLoaderTests$UnknownContextInitializer] since its generic parameter [org.springframework.web.context.ContextLoaderTests$UnknownApplicationContext] is not assignable from the type of application context used by this context loader: [org.springframework.web.context.support.XmlWebApplicationContext]
	at org.springframework.web.context.ContextLoader.customizeContext(ContextLoader.java:437) ~[spring-web-5.0.21.BUILD-SNAPSHOT.jar:?]
	at org.springframework.web.context.ContextLoader.configureAndRefreshWebApplicationContext(ContextLoader.java:408) ~[spring-web-5.0.21.BUILD-SNAPSHOT.jar:?]
	at org.springframework.web.context.ContextLoader.initWebApplicationContext(ContextLoader.java:291) [spring-web-5.0.21.BUILD-SNAPSHOT.jar:?]
	at org.springframework.web.context.ContextLoaderListener.contextInitialized(ContextLoaderListener.java:103) [spring-web-5.0.21.BUILD-SNAPSHOT.jar:?]
	at org.springframework.web.context.ContextLoaderTests.testContextLoaderListenerWithUnknownContextInitializer(ContextLoaderTests.java:227) [test/:?]
	at sun.reflect.NativeMethodAccessorImpl.invoke0(Native Method) ~[?:1.8.0_271]
	at sun.reflect.NativeMethodAccessorImpl.invoke(NativeMethodAccessorImpl.java:62) ~[?:1.8.0_271]
	at sun.reflect.DelegatingMethodAccessorImpl.invoke(DelegatingMethodAccessorImpl.java:43) ~[?:1.8.0_271]
	at java.lang.reflect.Method.invoke(Method.java:498) ~[?:1.8.0_271]
	at org.junit.runners.model.FrameworkMethod$1.runReflectiveCall(FrameworkMethod.java:50) [junit-4.12.jar:4.12]
	at org.junit.internal.runners.model.ReflectiveCallable.run(ReflectiveCallable.java:12) [junit-4.12.jar:4.12]
	at org.junit.runners.model.FrameworkMethod.invokeExplosively(FrameworkMethod.java:47) [junit-4.12.jar:4.12]
	at org.junit.internal.runners.statements.InvokeMethod.evaluate(InvokeMethod.java:17) [junit-4.12.jar:4.12]
	at org.junit.runners.ParentRunner.runLeaf(ParentRunner.java:325) [junit-4.12.jar:4.12]
	at org.junit.runners.BlockJUnit4ClassRunner.runChild(BlockJUnit4ClassRunner.java:78) [junit-4.12.jar:4.12]
	at org.junit.runners.BlockJUnit4ClassRunner.runChild(BlockJUnit4ClassRunner.java:57) [junit-4.12.jar:4.12]
	at org.junit.runners.ParentRunner$3.run(ParentRunner.java:290) [junit-4.12.jar:4.12]
	at org.junit.runners.ParentRunner$1.schedule(ParentRunner.java:71) [junit-4.12.jar:4.12]
	at org.junit.runners.ParentRunner.runChildren(ParentRunner.java:288) [junit-4.12.jar:4.12]
	at org.junit.runners.ParentRunner.access$000(ParentRunner.java:58) [junit-4.12.jar:4.12]
	at org.junit.runners.ParentRunner$2.evaluate(ParentRunner.java:268) [junit-4.12.jar:4.12]
	at org.junit.runners.ParentRunner.run(ParentRunner.java:363) [junit-4.12.jar:4.12]
	at org.gradle.api.internal.tasks.testing.junit.JUnitTestClassExecuter.runTestClass(JUnitTestClassExecuter.java:114) [gradle-testing-jvm-4.4.1.jar:4.4.1]
	at org.gradle.api.internal.tasks.testing.junit.JUnitTestClassExecuter.execute(JUnitTestClassExecuter.java:57) [gradle-testing-jvm-4.4.1.jar:4.4.1]
	at org.gradle.api.internal.tasks.testing.junit.JUnitTestClassProcessor.processTestClass(JUnitTestClassProcessor.java:66) [gradle-testing-jvm-4.4.1.jar:4.4.1]
	at org.gradle.api.internal.tasks.testing.SuiteTestClassProcessor.processTestClass(SuiteTestClassProcessor.java:51) [gradle-testing-base-4.4.1.jar:4.4.1]
	at sun.reflect.NativeMethodAccessorImpl.invoke0(Native Method) ~[?:1.8.0_271]
	at sun.reflect.NativeMethodAccessorImpl.invoke(NativeMethodAccessorImpl.java:62) ~[?:1.8.0_271]
	at sun.reflect.DelegatingMethodAccessorImpl.invoke(DelegatingMethodAccessorImpl.java:43) ~[?:1.8.0_271]
	at java.lang.reflect.Method.invoke(Method.java:498) ~[?:1.8.0_271]
	at org.gradle.internal.dispatch.ReflectionDispatch.dispatch(ReflectionDispatch.java:35) [gradle-messaging-4.4.1.jar:4.4.1]
	at org.gradle.internal.dispatch.ReflectionDispatch.dispatch(ReflectionDispatch.java:24) [gradle-messaging-4.4.1.jar:4.4.1]
	at org.gradle.internal.dispatch.ContextClassLoaderDispatch.dispatch(ContextClassLoaderDispatch.java:32) [gradle-messaging-4.4.1.jar:4.4.1]
	at org.gradle.internal.dispatch.ProxyDispatchAdapter$DispatchingInvocationHandler.invoke(ProxyDispatchAdapter.java:93) [gradle-messaging-4.4.1.jar:4.4.1]
	at com.sun.proxy.$Proxy1.processTestClass(Unknown Source) [?:?]
	at org.gradle.api.internal.tasks.testing.worker.TestWorker.processTestClass(TestWorker.java:108) [gradle-testing-base-4.4.1.jar:4.4.1]
	at sun.reflect.NativeMethodAccessorImpl.invoke0(Native Method) ~[?:1.8.0_271]
	at sun.reflect.NativeMethodAccessorImpl.invoke(NativeMethodAccessorImpl.java:62) ~[?:1.8.0_271]
	at sun.reflect.DelegatingMethodAccessorImpl.invoke(DelegatingMethodAccessorImpl.java:43) ~[?:1.8.0_271]
	at java.lang.reflect.Method.invoke(Method.java:498) ~[?:1.8.0_271]
	at org.gradle.internal.dispatch.ReflectionDispatch.dispatch(ReflectionDispatch.java:35) [gradle-messaging-4.4.1.jar:4.4.1]
	at org.gradle.internal.dispatch.ReflectionDispatch.dispatch(ReflectionDispatch.java:24) [gradle-messaging-4.4.1.jar:4.4.1]
	at org.gradle.internal.remote.internal.hub.MessageHubBackedObjectConnection$DispatchWrapper.dispatch(MessageHubBackedObjectConnection.java:146) [gradle-messaging-4.4.1.jar:4.4.1]
	at org.gradle.internal.remote.internal.hub.MessageHubBackedObjectConnection$DispatchWrapper.dispatch(MessageHubBackedObjectConnection.java:128) [gradle-messaging-4.4.1.jar:4.4.1]
	at org.gradle.internal.remote.internal.hub.MessageHub$Handler.run(MessageHub.java:404) [gradle-messaging-4.4.1.jar:4.4.1]
	at org.gradle.internal.concurrent.ExecutorPolicy$CatchAndRecordFailures.onExecute(ExecutorPolicy.java:63) [gradle-base-services-4.4.1.jar:4.4.1]
	at org.gradle.internal.concurrent.ManagedExecutorImpl$1.run(ManagedExecutorImpl.java:46) [gradle-base-services-4.4.1.jar:4.4.1]
	at java.util.concurrent.ThreadPoolExecutor.runWorker(ThreadPoolExecutor.java:1149) [?:1.8.0_271]
	at java.util.concurrent.ThreadPoolExecutor$Worker.run(ThreadPoolExecutor.java:624) [?:1.8.0_271]
	at org.gradle.internal.concurrent.ThreadFactoryImpl$ManagedThreadRunnable.run(ThreadFactoryImpl.java:55) [gradle-base-services-4.4.1.jar:4.4.1]
	at java.lang.Thread.run(Thread.java:748) [?:1.8.0_271]
]]></system-out>
  <system-err><![CDATA[]]></system-err>
</testsuite>
